#
# There is insufficient memory for the Java Runtime Environment to continue.
# Native memory allocation (mmap) failed to map 132120576 bytes. Error detail: G1 virtual space
# Possible reasons:
#   The system is out of physical RAM or swap space
#   This process is running with CompressedOops enabled, and the Java Heap may be blocking the growth of the native heap
# Possible solutions:
#   Reduce memory load on the system
#   Increase physical memory or swap space
#   Check if swap backing store is full
#   Decrease Java heap size (-Xmx/-Xms)
#   Decrease number of Java threads
#   Decrease Java thread stack sizes (-Xss)
#   Set larger code cache with -XX:ReservedCodeCacheSize=
#   JVM is running with Unscaled Compressed Oops mode in which the Java heap is
#     placed in the first 4GB address space. The Java Heap base address is the
#     maximum limit for the native heap growth. Please use -XX:HeapBaseMinAddress
#     to set the Java Heap base and to place the Java Heap above 4GB virtual address.
# This output file may be truncated or incomplete.
#
#  Out of Memory Error (os_windows.cpp:3815), pid=19716, tid=9932
#
# JRE version:  (21.0.3) (build )
# Java VM: OpenJDK 64-Bit Server VM (21.0.3+-12282718-b509.11, mixed mode, sharing, tiered, compressed oops, compressed class ptrs, g1 gc, windows-amd64)
# No core dump will be written. Minidumps are not enabled by default on client versions of Windows
#

---------------  S U M M A R Y ------------

Command Line: org.jetbrains.kotlin.cli.jvm.K2JVMCompiler @C:\Users\asus\AndroidStudioProjects\meditation_app\app\build\20250107_17786119015881545330.compiler.options

Host: Intel(R) Pentium(R) Silver N5030 CPU @ 1.10GHz, 4 cores, 7G,  Windows 10 , 64 bit Build 19041 (10.0.19041.804)
Time: Tue Jan  7 00:49:06 2025  Windows 10 , 64 bit Build 19041 (10.0.19041.804) elapsed time: 0.100960 seconds (0d 0h 0m 0s)

---------------  T H R E A D  ---------------

Current thread (0x0000019c13ca3c20):  JavaThread "Unknown thread" [_thread_in_vm, id=9932, stack(0x0000002105400000,0x0000002105500000) (1024K)]

Stack: [0x0000002105400000,0x0000002105500000]
Native frames: (J=compiled Java code, j=interpreted, Vv=VM code, C=native code)
V  [jvm.dll+0x6cafb9]
V  [jvm.dll+0x858523]
V  [jvm.dll+0x85aa7e]
V  [jvm.dll+0x85b163]
V  [jvm.dll+0x27d356]
V  [jvm.dll+0x6c7865]
V  [jvm.dll+0x6bbd3a]
V  [jvm.dll+0x35199b]
V  [jvm.dll+0x3595d6]
V  [jvm.dll+0x3aa826]
V  [jvm.dll+0x3aaaf8]
V  [jvm.dll+0x3240bc]
V  [jvm.dll+0x324dab]
V  [jvm.dll+0x81fd89]
V  [jvm.dll+0x3b7c08]
V  [jvm.dll+0x80921d]
V  [jvm.dll+0x44c05e]
V  [jvm.dll+0x44d6b1]
C  [jli.dll+0x52ab]
C  [ucrtbase.dll+0x21bb2]
C  [KERNEL32.DLL+0x17034]
C  [ntdll.dll+0x4d241]


---------------  P R O C E S S  ---------------

Threads class SMR info:
_java_thread_list=0x00007ffb46fe57c8, length=0, elements={
}

Java Threads: ( => current thread )
Total: 0

Other Threads:
  0x0000019c15f382b0 WorkerThread "GC Thread#0"                     [id=2248, stack(0x0000002105500000,0x0000002105600000) (1024K)]
  0x0000019c15f48c20 ConcurrentGCThread "G1 Main Marker"            [id=18784, stack(0x0000002105600000,0x0000002105700000) (1024K)]
  0x0000019c15f497a0 WorkerThread "G1 Conc#0"                       [id=9504, stack(0x0000002105700000,0x0000002105800000) (1024K)]

[error occurred during error reporting (printing all threads), id 0xc0000005, EXCEPTION_ACCESS_VIOLATION (0xc0000005) at pc=0x00007ffb467e7197]
VM state: not at safepoint (not fully initialized)

VM Mutex/Monitor currently owned by a thread:  ([mutex/lock_event])
[0x00007ffb470521c8] Heap_lock - owner thread: 0x0000019c13ca3c20

Heap address: 0x0000000082c00000, size: 2004 MB, Compressed Oops mode: 32-bit

CDS archive(s) mapped at: [0x0000000000000000-0x0000000000000000-0x0000000000000000), size 0, SharedBaseAddress: 0x0000000800000000, ArchiveRelocationMode: 1.
Narrow klass base: 0x0000000000000000, Narrow klass shift: 0, Narrow klass range: 0x0

GC Precious Log:
 CardTable entry size: 512
 Card Set container configuration: InlinePtr #cards 5 size 8 Array Of Cards #cards 12 size 40 Howl #buckets 4 coarsen threshold 1843 Howl Bitmap #cards 512 size 80 coarsen threshold 460 Card regions per heap region 1 cards per card region 2048

Heap:
 garbage-first heap   total 0K, used 0K [0x0000000082c00000, 0x0000000100000000)
  region size 1024K, 0 young (0K), 0 survivors (0K)
 Metaspace       used 0K, committed 0K, reserved 0K
  class space    used 0K, committed 0K, reserved 0K

Heap Regions: E=young(eden), S=young(survivor), O=old, HS=humongous(starts), HC=humongous(continues), CS=collection set, F=free, TAMS=top-at-mark-start, PB=parsable bottom

Card table byte_map: [0x0000019c28410000,0x0000019c28800000] _byte_map_base: 0x0000019c27ffa000

Marking Bits: (CMBitMap*) 0x0000019c15f388c0
 Bits: [0x0000019c28800000, 0x0000019c2a750000)

GC Heap History (0 events):
No events

Dll operation events (1 events):
Event: 0.057 Loaded shared library C:\Program Files\Android\Android Studio\jbr\bin\java.dll

Deoptimization events (0 events):
No events

Classes loaded (0 events):
No events

Classes unloaded (0 events):
No events

Classes redefined (0 events):
No events

Internal exceptions (0 events):
No events

ZGC Phase Switch (0 events):
No events

VM Operations (0 events):
No events

Events (0 events):
No events


Dynamic libraries:
0x00007ff6f0540000 - 0x00007ff6f054a000 	C:\Program Files\Android\Android Studio\jbr\bin\java.exe
0x00007ffb7e9f0000 - 0x00007ffb7ebe6000 	C:\Windows\SYSTEM32\ntdll.dll
0x00007ffb7dbd0000 - 0x00007ffb7dc8d000 	C:\Windows\System32\KERNEL32.DLL
0x00007ffb7c1e0000 - 0x00007ffb7c4a9000 	C:\Windows\System32\KERNELBASE.dll
0x00007ffb7c950000 - 0x00007ffb7ca50000 	C:\Windows\System32\ucrtbase.dll
0x00007ffb69080000 - 0x00007ffb69098000 	C:\Program Files\Android\Android Studio\jbr\bin\jli.dll
0x00007ffb7d220000 - 0x00007ffb7d3c0000 	C:\Windows\System32\USER32.dll
0x00007ffb7c920000 - 0x00007ffb7c942000 	C:\Windows\System32\win32u.dll
0x00007ffb7ca50000 - 0x00007ffb7ca7a000 	C:\Windows\System32\GDI32.dll
0x00007ffb7c4b0000 - 0x00007ffb7c5bb000 	C:\Windows\System32\gdi32full.dll
0x00007ffb7c5c0000 - 0x00007ffb7c65d000 	C:\Windows\System32\msvcp_win.dll
0x00007ffb774c0000 - 0x00007ffb774db000 	C:\Program Files\Android\Android Studio\jbr\bin\VCRUNTIME140.dll
0x00007ffb7b4d0000 - 0x00007ffb7b76b000 	C:\Windows\WinSxS\amd64_microsoft.windows.common-controls_6595b64144ccf1df_6.0.19041.746_none_ca02b4b61b8320a4\COMCTL32.dll
0x00007ffb7e910000 - 0x00007ffb7e9ae000 	C:\Windows\System32\msvcrt.dll
0x00007ffb7dba0000 - 0x00007ffb7dbd0000 	C:\Windows\System32\IMM32.DLL
0x000000005adf0000 - 0x000000005adfc000 	C:\Program Files (x86)\360\Total Security\safemon\SafeWrapper.dll
0x00007ffb7e780000 - 0x00007ffb7e82c000 	C:\Windows\System32\ADVAPI32.dll
0x00007ffb7ddd0000 - 0x00007ffb7de6c000 	C:\Windows\System32\sechost.dll
0x00007ffb7ca80000 - 0x00007ffb7cbab000 	C:\Windows\System32\RPCRT4.dll
0x00007ffb319d0000 - 0x00007ffb31a7c000 	C:\Program Files (x86)\360\Total Security\safemon\libzdtp64.dll
0x00007ffb7e030000 - 0x00007ffb7e772000 	C:\Windows\System32\SHELL32.dll
0x00007ffb7cbb0000 - 0x00007ffb7cc05000 	C:\Windows\System32\SHLWAPI.dll
0x00007ffb7be00000 - 0x00007ffb7be0a000 	C:\Windows\SYSTEM32\VERSION.dll
0x00007ffb77710000 - 0x00007ffb7771c000 	C:\Program Files\Android\Android Studio\jbr\bin\vcruntime140_1.dll
0x00007ffb5eca0000 - 0x00007ffb5ed2d000 	C:\Program Files\Android\Android Studio\jbr\bin\msvcp140.dll
0x00007ffb464b0000 - 0x00007ffb4712d000 	C:\Program Files\Android\Android Studio\jbr\bin\server\jvm.dll
0x00007ffb7dd60000 - 0x00007ffb7ddcb000 	C:\Windows\System32\WS2_32.dll
0x00007ffb7be90000 - 0x00007ffb7bedb000 	C:\Windows\SYSTEM32\POWRPROF.dll
0x00007ffb66260000 - 0x00007ffb66287000 	C:\Windows\SYSTEM32\WINMM.dll
0x00007ffb7be70000 - 0x00007ffb7be82000 	C:\Windows\SYSTEM32\UMPDC.dll
0x00007ffb7a340000 - 0x00007ffb7a352000 	C:\Windows\SYSTEM32\kernel.appcore.dll
0x00007ffb77500000 - 0x00007ffb7750a000 	C:\Program Files\Android\Android Studio\jbr\bin\jimage.dll
0x00007ffb7bac0000 - 0x00007ffb7bca4000 	C:\Windows\SYSTEM32\DBGHELP.DLL
0x00007ffb7ba10000 - 0x00007ffb7ba3c000 	C:\Windows\SYSTEM32\dbgcore.DLL
0x00007ffb7c870000 - 0x00007ffb7c8f0000 	C:\Windows\System32\bcryptPrimitives.dll
0x00007ffb74230000 - 0x00007ffb7424f000 	C:\Program Files\Android\Android Studio\jbr\bin\java.dll

dbghelp: loaded successfully - version: 4.0.5 - missing functions: none
symbol engine: initialized successfully - sym options: 0x614 - pdb path: .;C:\Program Files\Android\Android Studio\jbr\bin;C:\Windows\SYSTEM32;C:\Windows\WinSxS\amd64_microsoft.windows.common-controls_6595b64144ccf1df_6.0.19041.746_none_ca02b4b61b8320a4;C:\Program Files (x86)\360\Total Security\safemon;C:\Program Files\Android\Android Studio\jbr\bin\server

VM Arguments:
java_command: org.jetbrains.kotlin.cli.jvm.K2JVMCompiler @C:\Users\asus\AndroidStudioProjects\meditation_app\app\build\20250107_17786119015881545330.compiler.options
java_class_path (initial): C:\Users\asus\.gradle\caches\modules-2\files-2.1\org.jetbrains.kotlin\kotlin-compiler-embeddable\2.0.0\1de310de3446414381282ffc46c3ed3919a4d1da\kotlin-compiler-embeddable-2.0.0.jar;C:\Users\asus\.gradle\caches\modules-2\files-2.1\org.jetbrains.kotlin\kotlin-stdlib\2.0.0\b48df2c4aede9586cc931ead433bc02d6fd7879e\kotlin-stdlib-2.0.0.jar;C:\Users\asus\.gradle\caches\modules-2\files-2.1\org.jetbrains.kotlin\kotlin-script-runtime\2.0.0\fdc27dd047d592fa41d2dfa21e7621287a361612\kotlin-script-runtime-2.0.0.jar;C:\Users\asus\.gradle\caches\modules-2\files-2.1\org.jetbrains.kotlin\kotlin-reflect\1.6.10\1cbe9c92c12a94eea200d23c2bbaedaf3daf5132\kotlin-reflect-1.6.10.jar;C:\Users\asus\.gradle\caches\modules-2\files-2.1\org.jetbrains.kotlin\kotlin-daemon-embeddable\2.0.0\b39c612768614c4428c96ee9c65477181fffe9d\kotlin-daemon-embeddable-2.0.0.jar;C:\Users\asus\.gradle\caches\modules-2\files-2.1\org.jetbrains.intellij.deps\trove4j\1.0.20200330\3afb14d5f9ceb459d724e907a21145e8ff394f02\trove4j-1.0.20200330.jar;C:\Users\asus\.gradle\caches\modules-2\files-2.1\org.jetbrains\annotations\13.0\919f0dfe192fb4e063e7dacadee7f8bb9a2672a9\annotations-13.0.jar
Launcher Type: SUN_STANDARD

[Global flags]
     intx CICompilerCount                          = 3                                         {product} {ergonomic}
     uint ConcGCThreads                            = 1                                         {product} {ergonomic}
     uint G1ConcRefinementThreads                  = 4                                         {product} {ergonomic}
   size_t G1HeapRegionSize                         = 1048576                                   {product} {ergonomic}
    uintx GCDrainStackTargetSize                   = 64                                        {product} {ergonomic}
   size_t InitialHeapSize                          = 132120576                                 {product} {ergonomic}
   size_t MarkStackSize                            = 4194304                                   {product} {ergonomic}
   size_t MaxHeapSize                              = 2101346304                                {product} {ergonomic}
   size_t MinHeapDeltaBytes                        = 1048576                                   {product} {ergonomic}
   size_t MinHeapSize                              = 8388608                                   {product} {ergonomic}
    uintx NonNMethodCodeHeapSize                   = 5832780                                {pd product} {ergonomic}
    uintx NonProfiledCodeHeapSize                  = 122912730                              {pd product} {ergonomic}
    uintx ProfiledCodeHeapSize                     = 122912730                              {pd product} {ergonomic}
    uintx ReservedCodeCacheSize                    = 251658240                              {pd product} {ergonomic}
     bool SegmentedCodeCache                       = true                                      {product} {ergonomic}
   size_t SoftMaxHeapSize                          = 2101346304                             {manageable} {ergonomic}
     bool UseCompressedOops                        = true                           {product lp64_product} {ergonomic}
     bool UseG1GC                                  = true                                      {product} {ergonomic}
     bool UseLargePagesIndividualAllocation        = false                                  {pd product} {ergonomic}

Logging:
Log output configuration:
 #0: stdout all=warning uptime,level,tags foldmultilines=false
 #1: stderr all=off uptime,level,tags foldmultilines=false

Environment Variables:
JAVA_HOME=C:\Program Files (x86)\Java\jre-1.8\bin
PATH=C:\Program Files (x86)\Common Files\Intel\Shared Libraries\redist\intel64\compiler;C:\Program Files (x86)\Common Files\Oracle\Java\javapath;C:\Windows\system32;C:\Windows;C:\Windows\System32\Wbem;C:\Windows\System32\WindowsPowerShell\v1.0\;C:\Windows\System32\OpenSSH\;C:\cygwin64\bin\;C:\Program Files\dotnet\;C:\kotlinc\bin;C:\Users\asus\.cargo\bin;C:\Program Files\Git\cmd;C:\Users\asus\.cargo\bin;C:\Users\asus\AppData\Local\Programs\Python\Python312\Scripts\;C:\Users\asus\AppData\Local\Programs\Python\Python312\;C:\Users\asus\AppData\Local\Microsoft\WindowsApps;C:\Users\asus\AppData\Local\Microsoft\WindowsApps;C:\Users\asus\Downloads\pyinstaller-5.4.1;C:\Users\asus\AppData\Local\Programs\Microsoft VS Code\bin;C:\Program Files\JetBrains\PyCharm Community Edition 2022.3.1\bin;;C:\Users\asus\.dotnet\tools;C:\Program Files\JetBrains\PyCharm 2024.1.1\bin;
USERNAME=ella
OS=Windows_NT
PROCESSOR_IDENTIFIER=Intel64 Family 6 Model 122 Stepping 8, GenuineIntel
TMP=C:\Users\asus\AppData\Local\Temp
TEMP=C:\Users\asus\AppData\Local\Temp




Periodic native trim disabled

JNI global refs:
JNI global refs: 0, weak refs: 0

JNI global refs memory usage: 0, weak refs: 0

Process memory usage:
Resident Set Size: 11448K (0% of 8206528K total physical memory with 783064K free physical memory)

OOME stack traces (most recent first):
Classloader memory used:

---------------  S Y S T E M  ---------------

OS:
 Windows 10 , 64 bit Build 19041 (10.0.19041.804)
OS uptime: 0 days 13:58 hours

CPU: total 4 (initial active 4) (4 cores per cpu, 1 threads per core) family 6 model 122 stepping 8 microcode 0x18, cx8, cmov, fxsr, mmx, 3dnowpref, sse, sse2, sse3, ssse3, sse4.1, sse4.2, popcnt, tsc, tscinvbit, aes, erms, clmul, sha, clflush, clflushopt, rdtscp, rdpid
Processor Information for all 4 processors :
  Max Mhz: 1101, Current Mhz: 1101, Mhz Limit: 1101

Memory: 4k page, system-wide physical 8014M (764M free)
TotalPageFile size 25020M (AvailPageFile size 64M)
current process WorkingSet (physical memory assigned to process): 11M, peak: 11M
current process commit charge ("private bytes"): 52M, peak: 178M

vm_info: OpenJDK 64-Bit Server VM (21.0.3+-12282718-b509.11) for windows-amd64 JRE (21.0.3+-12282718-b509.11), built on 2024-08-27T17:34:15Z by "builder" with MS VC++ 16.10 / 16.11 (VS2019)

END.
